c:\users\niek willems\documents\github\kmint\kmint_week3\debug\vc120.pdb
c:\users\niek willems\documents\github\kmint\kmint_week3\debug\vc120.idb
c:\users\niek willems\documents\github\kmint\kmint_week3\debug\basegameentity.obj
c:\users\niek willems\documents\github\kmint\kmint_week3\debug\chaserabbitstate.obj
c:\users\niek willems\documents\github\kmint\kmint_week3\debug\cow.obj
c:\users\niek willems\documents\github\kmint\kmint_week3\debug\cowwanderingstate.obj
c:\users\niek willems\documents\github\kmint\kmint_week3\debug\edge.obj
c:\users\niek willems\documents\github\kmint\kmint_week3\debug\game.obj
c:\users\niek willems\documents\github\kmint\kmint_week3\debug\gameitem.obj
c:\users\niek willems\documents\github\kmint\kmint_week3\debug\graph.obj
c:\users\niek willems\documents\github\kmint\kmint_week3\debug\node.obj
c:\users\niek willems\documents\github\kmint\kmint_week3\debug\rabbit.obj
c:\users\niek willems\documents\github\kmint\kmint_week3\debug\rabbitattackstate.obj
c:\users\niek willems\documents\github\kmint\kmint_week3\debug\rabbitsearchpillstate.obj
c:\users\niek willems\documents\github\kmint\kmint_week3\debug\rabbitsearchweaponstate.obj
c:\users\niek willems\documents\github\kmint\kmint_week3\debug\rabbitwanderingstate.obj
c:\users\niek willems\documents\github\kmint\kmint_week3\debug\random.obj
c:\users\niek willems\documents\github\kmint\kmint_week3\debug\sdlengine.obj
c:\users\niek willems\documents\github\kmint\kmint_week3\debug\sdl_drawellipse.obj
c:\users\niek willems\documents\github\kmint\kmint_week3\debug\searchweaponstate.obj
c:\users\niek willems\documents\github\kmint\kmint_week3\debug\statemachine.obj
c:\users\niek willems\documents\github\kmint\kmint_week3\debug\timer.obj
c:\users\niek willems\documents\github\kmint\kmint_week3\debug\astar.obj
c:\users\niek willems\documents\github\kmint\kmint_week3\debug\kmint_week3.ilk
c:\users\niek willems\documents\github\kmint\kmint_week3\debug\kmint_week3.exe
c:\users\niek willems\documents\github\kmint\kmint_week3\debug\kmint_week3.pdb
c:\users\niek willems\documents\github\kmint\kmint_week3\debug\kmint_week3.tlog\cl.command.1.tlog
c:\users\niek willems\documents\github\kmint\kmint_week3\debug\kmint_week3.tlog\cl.read.1.tlog
c:\users\niek willems\documents\github\kmint\kmint_week3\debug\kmint_week3.tlog\cl.write.1.tlog
c:\users\niek willems\documents\github\kmint\kmint_week3\debug\kmint_week3.tlog\link.command.1.tlog
c:\users\niek willems\documents\github\kmint\kmint_week3\debug\kmint_week3.tlog\link.read.1.tlog
c:\users\niek willems\documents\github\kmint\kmint_week3\debug\kmint_week3.tlog\link.write.1.tlog
