c:\users\niek willems\documents\github\kmint\kmint_week2\debug\vc120.pdb
c:\users\niek willems\documents\github\kmint\kmint_week2\debug\vc120.idb
c:\users\niek willems\documents\github\kmint\kmint_week2\debug\astar.obj
c:\users\niek willems\documents\github\kmint\kmint_week2\debug\basegameentity.obj
c:\users\niek willems\documents\github\kmint\kmint_week2\debug\cow.obj
c:\users\niek willems\documents\github\kmint\kmint_week2\debug\edge.obj
c:\users\niek willems\documents\github\kmint\kmint_week2\debug\game.obj
c:\users\niek willems\documents\github\kmint\kmint_week2\debug\graph.obj
c:\users\niek willems\documents\github\kmint\kmint_week2\debug\node.obj
c:\users\niek willems\documents\github\kmint\kmint_week2\debug\rabbit.obj
c:\users\niek willems\documents\github\kmint\kmint_week2\debug\random.obj
c:\users\niek willems\documents\github\kmint\kmint_week2\debug\sdlengine.obj
c:\users\niek willems\documents\github\kmint\kmint_week2\debug\sdl_drawellipse.obj
c:\users\niek willems\documents\github\kmint\kmint_week2\debug\statemachine.obj
c:\users\niek willems\documents\github\kmint\kmint_week2\debug\wanderingstate.obj
c:\users\niek willems\documents\github\kmint\kmint_week2\debug\kmint_week2.pdb
c:\users\niek willems\documents\github\kmint\kmint_week2\debug\kmint_week2.tlog\cl.command.1.tlog
c:\users\niek willems\documents\github\kmint\kmint_week2\debug\kmint_week2.tlog\cl.read.1.tlog
c:\users\niek willems\documents\github\kmint\kmint_week2\debug\kmint_week2.tlog\cl.write.1.tlog
c:\users\niek willems\documents\github\kmint\kmint_week2\debug\kmint_week2.tlog\link-cvtres.read.1.tlog
c:\users\niek willems\documents\github\kmint\kmint_week2\debug\kmint_week2.tlog\link-cvtres.write.1.tlog
c:\users\niek willems\documents\github\kmint\kmint_week2\debug\kmint_week2.tlog\link-rc.read.1.tlog
c:\users\niek willems\documents\github\kmint\kmint_week2\debug\kmint_week2.tlog\link-rc.write.1.tlog
c:\users\niek willems\documents\github\kmint\kmint_week2\debug\kmint_week2.tlog\link.5216-cvtres.read.1.tlog
c:\users\niek willems\documents\github\kmint\kmint_week2\debug\kmint_week2.tlog\link.5216-cvtres.write.1.tlog
c:\users\niek willems\documents\github\kmint\kmint_week2\debug\kmint_week2.tlog\link.5216-rc.read.1.tlog
c:\users\niek willems\documents\github\kmint\kmint_week2\debug\kmint_week2.tlog\link.5216-rc.write.1.tlog
c:\users\niek willems\documents\github\kmint\kmint_week2\debug\kmint_week2.tlog\link.5216.read.1.tlog
c:\users\niek willems\documents\github\kmint\kmint_week2\debug\kmint_week2.tlog\link.5216.write.1.tlog
c:\users\niek willems\documents\github\kmint\kmint_week2\debug\kmint_week2.tlog\link.command.1.tlog
c:\users\niek willems\documents\github\kmint\kmint_week2\debug\kmint_week2.tlog\link.read.1.tlog
c:\users\niek willems\documents\github\kmint\kmint_week2\debug\kmint_week2.tlog\link.write.1.tlog
