Build started 12/1/2014 5:34:45 PM.
     1>Project "C:\Users\Niek Willems\Documents\GitHub\KMINT\KMINT_week2\KMINT_week1.vcxproj" on node 2 (Build target(s)).
     1>C:\Program Files (x86)\MSBuild\Microsoft.Cpp\v4.0\V120\Microsoft.CppBuild.targets(381,5): warning MSB8028: The intermediate directory (Debug\) contains files shared from another project (KMINT_week1.vcxproj).  This can lead to incorrect clean and rebuild behavior.
     1>ClCompile:
         C:\Program Files (x86)\Microsoft Visual Studio 12.0\VC\bin\CL.exe /c /I"C:\Users\Niek Willems\Documents\GitHub\KMINT\KMINT_week2\sdl\include" /ZI /nologo /W3 /WX- /sdl /Od /Oy- /D WIN32 /D _DEBUG /D _CONSOLE /D _LIB /D _UNICODE /D UNICODE /Gm /EHsc /RTC1 /MDd /GS /fp:precise /Zc:wchar_t /Zc:forScope /Fo"Debug\\" /Fd"Debug\vc120.pdb" /Gd /TP /analyze- /errorReport:prompt AStar.cpp ChaseRabbitState.cpp Cow.cpp game.cpp
         AStar.cpp
     1>c:\users\niek willems\documents\github\kmint\kmint_week2\astar.cpp(30): warning C4018: '<' : signed/unsigned mismatch
     1>c:\users\niek willems\documents\github\kmint\kmint_week2\astar.cpp(66): warning C4244: '=' : conversion from 'int' to 'float', possible loss of data
     1>c:\users\niek willems\documents\github\kmint\kmint_week2\astar.cpp(68): warning C4244: '=' : conversion from 'int' to 'float', possible loss of data
         Generating Code...
     1>c:\users\niek willems\documents\github\kmint\kmint_week2\astar.cpp(47): warning C4715: 'AStar::Find' : not all control paths return a value
         Compiling...
         game.cpp
         ChaseRabbitState.cpp
         Generating Code...
         Skipping... (no relevant changes detected)
         Cow.cpp
       Link:
         C:\Program Files (x86)\Microsoft Visual Studio 12.0\VC\bin\link.exe /ERRORREPORT:PROMPT /OUT:"C:\Users\Niek Willems\Documents\GitHub\KMINT\KMINT_week2\Debug\KMINT_week2.exe" /INCREMENTAL /NOLOGO /LIBPATH:"C:\Users\Niek Willems\Documents\GitHub\KMINT\KMINT_week2\sdl\lib" kernel32.lib user32.lib gdi32.lib winspool.lib comdlg32.lib advapi32.lib shell32.lib ole32.lib oleaut32.lib uuid.lib odbc32.lib odbccp32.lib kernel32.lib user32.lib gdi32.lib winspool.lib comdlg32.lib advapi32.lib shell32.lib ole32.lib oleaut32.lib uuid.lib odbc32.lib odbccp32.lib sdl2main.lib sdl2.lib sdl2_image.lib SDL2_ttf.lib /MANIFEST /MANIFESTUAC:"level='asInvoker' uiAccess='false'" /manifest:embed /DEBUG /PDB:"C:\Users\Niek Willems\Documents\GitHub\KMINT\KMINT_week2\Debug\KMINT_week2.pdb" /SUBSYSTEM:CONSOLE /TLBID:1 /DYNAMICBASE /NXCOMPAT /IMPLIB:"C:\Users\Niek Willems\Documents\GitHub\KMINT\KMINT_week2\Debug\KMINT_week2.lib" /MACHINE:X86 Debug\AStar.obj
         Debug\BaseGameEntity.obj
         Debug\ChaseRabbitState.obj
         Debug\Cow.obj
         Debug\CowWanderingState.obj
         Debug\Edge.obj
         Debug\game.obj
         Debug\GameItem.obj
         Debug\Graph.obj
         Debug\Node.obj
         Debug\Rabbit.obj
         Debug\RabbitWanderingState.obj
         Debug\Random.obj
         Debug\SDLEngine.obj
         Debug\SDL_DrawEllipse.obj
         Debug\SearchWeaponState.obj
         Debug\StateMachine.obj
         Debug\Timer.obj
     1>MSVCRTD.lib(cinitexe.obj) : warning LNK4098: defaultlib 'msvcrt.lib' conflicts with use of other libs; use /NODEFAULTLIB:library
         KMINT_week1.vcxproj -> C:\Users\Niek Willems\Documents\GitHub\KMINT\KMINT_week2\Debug\KMINT_week2.exe
       PostBuildEvent:
         copy "C:\Users\Niek Willems\Documents\GitHub\KMINT\KMINT_week2\sdl\dll\*" "C:\Users\Niek Willems\Documents\GitHub\KMINT\KMINT_week2\Debug\*"
         :VCEnd
         C:\Users\Niek Willems\Documents\GitHub\KMINT\KMINT_week2\sdl\dll\libfreetype-6.dll
         C:\Users\Niek Willems\Documents\GitHub\KMINT\KMINT_week2\sdl\dll\libjpeg-9.dll
         C:\Users\Niek Willems\Documents\GitHub\KMINT\KMINT_week2\sdl\dll\libpng16-16.dll
         C:\Users\Niek Willems\Documents\GitHub\KMINT\KMINT_week2\sdl\dll\libtiff-5.dll
         C:\Users\Niek Willems\Documents\GitHub\KMINT\KMINT_week2\sdl\dll\libwebp-4.dll
         C:\Users\Niek Willems\Documents\GitHub\KMINT\KMINT_week2\sdl\dll\SDL2.dll
         C:\Users\Niek Willems\Documents\GitHub\KMINT\KMINT_week2\sdl\dll\SDL2_image.dll
         C:\Users\Niek Willems\Documents\GitHub\KMINT\KMINT_week2\sdl\dll\SDL2_ttf.dll
         C:\Users\Niek Willems\Documents\GitHub\KMINT\KMINT_week2\sdl\dll\zlib1.dll
                 9 file(s) copied.
     1>Done Building Project "C:\Users\Niek Willems\Documents\GitHub\KMINT\KMINT_week2\KMINT_week1.vcxproj" (Build target(s)).

Build succeeded.

Time Elapsed 00:00:03.75
