c:\users\niek willems\documents\github\kmint\kmint_week1\debug\vc120.pdb
c:\users\niek willems\documents\github\kmint\kmint_week1\debug\vc120.idb
c:\users\niek willems\documents\github\kmint\kmint_week1\debug\astar.obj
c:\users\niek willems\documents\github\kmint\kmint_week1\debug\edge.obj
c:\users\niek willems\documents\github\kmint\kmint_week1\debug\game.obj
c:\users\niek willems\documents\github\kmint\kmint_week1\debug\gameobject.obj
c:\users\niek willems\documents\github\kmint\kmint_week1\debug\graph.obj
c:\users\niek willems\documents\github\kmint\kmint_week1\debug\node.obj
c:\users\niek willems\documents\github\kmint\kmint_week1\debug\sdlengine.obj
c:\users\niek willems\documents\github\kmint\kmint_week1\debug\sdl_drawellipse.obj
c:\users\niek willems\documents\github\kmint\kmint_week1\debug\random.obj
c:\users\niek willems\documents\github\kmint\kmint_week1\debug\kmint_week1.ilk
c:\users\niek willems\documents\github\kmint\kmint_week1\debug\kmint_week1.exe
c:\users\niek willems\documents\github\kmint\kmint_week1\debug\kmint_week1.pdb
c:\users\niek willems\documents\github\kmint\kmint_week1\debug\kmint_week1.tlog\cl.command.1.tlog
c:\users\niek willems\documents\github\kmint\kmint_week1\debug\kmint_week1.tlog\cl.read.1.tlog
c:\users\niek willems\documents\github\kmint\kmint_week1\debug\kmint_week1.tlog\cl.write.1.tlog
c:\users\niek willems\documents\github\kmint\kmint_week1\debug\kmint_week1.tlog\link.command.1.tlog
c:\users\niek willems\documents\github\kmint\kmint_week1\debug\kmint_week1.tlog\link.read.1.tlog
c:\users\niek willems\documents\github\kmint\kmint_week1\debug\kmint_week1.tlog\link.write.1.tlog
