Build started 11/30/2014 4:36:47 PM.
     1>Project "C:\Users\Niek Willems\Documents\GitHub\KMINT\KMINT_week1\KMINT_week1.vcxproj" on node 2 (Build target(s)).
     1>ClCompile:
         C:\Program Files (x86)\Microsoft Visual Studio 12.0\VC\bin\CL.exe /c /I"C:\Users\Niek Willems\Documents\GitHub\KMINT\KMINT_week1\sdl\include" /ZI /nologo /W3 /WX- /sdl /Od /Oy- /D WIN32 /D _DEBUG /D _CONSOLE /D _LIB /D _UNICODE /D UNICODE /Gm /EHsc /RTC1 /MDd /GS /fp:precise /Zc:wchar_t /Zc:forScope /Fo"Debug\\" /Fd"Debug\vc120.pdb" /Gd /TP /analyze- /errorReport:prompt AStar.cpp Edge.cpp GameObject.cpp Graph.cpp Node.cpp SDLEngine.cpp game.cpp
         AStar.cpp
     1>c:\users\niek willems\documents\github\kmint\kmint_week1\astar.cpp(33): warning C4018: '<' : signed/unsigned mismatch
     1>c:\users\niek willems\documents\github\kmint\kmint_week1\astar.cpp(70): warning C4244: '=' : conversion from 'int' to 'float', possible loss of data
     1>c:\users\niek willems\documents\github\kmint\kmint_week1\astar.cpp(72): warning C4244: '=' : conversion from 'int' to 'float', possible loss of data
         Generating Code...
     1>c:\users\niek willems\documents\github\kmint\kmint_week1\astar.cpp(51): warning C4715: 'AStar::Find' : not all control paths return a value
         Skipping... (no relevant changes detected)
         game.cpp
         SDLEngine.cpp
         Node.cpp
         Graph.cpp
         GameObject.cpp
         Edge.cpp
       Link:
         C:\Program Files (x86)\Microsoft Visual Studio 12.0\VC\bin\link.exe /ERRORREPORT:PROMPT /OUT:"C:\Users\Niek Willems\Documents\GitHub\KMINT\KMINT_week1\Debug\KMINT_week1.exe" /INCREMENTAL /NOLOGO /LIBPATH:"C:\Users\Niek Willems\Documents\GitHub\KMINT\KMINT_week1\sdl\lib" kernel32.lib user32.lib gdi32.lib winspool.lib comdlg32.lib advapi32.lib shell32.lib ole32.lib oleaut32.lib uuid.lib odbc32.lib odbccp32.lib kernel32.lib user32.lib gdi32.lib winspool.lib comdlg32.lib advapi32.lib shell32.lib ole32.lib oleaut32.lib uuid.lib odbc32.lib odbccp32.lib sdl2main.lib sdl2.lib sdl2_image.lib SDL2_ttf.lib /MANIFEST /MANIFESTUAC:"level='asInvoker' uiAccess='false'" /manifest:embed /DEBUG /PDB:"C:\Users\Niek Willems\Documents\GitHub\KMINT\KMINT_week1\Debug\KMINT_week1.pdb" /SUBSYSTEM:CONSOLE /TLBID:1 /DYNAMICBASE /NXCOMPAT /IMPLIB:"C:\Users\Niek Willems\Documents\GitHub\KMINT\KMINT_week1\Debug\KMINT_week1.lib" /MACHINE:X86 Debug\AStar.obj
         Debug\Edge.obj
         Debug\game.obj
         Debug\GameObject.obj
         Debug\Graph.obj
         Debug\Node.obj
         Debug\Random.obj
         Debug\SDLEngine.obj
         Debug\SDL_DrawEllipse.obj
         KMINT_week1.vcxproj -> C:\Users\Niek Willems\Documents\GitHub\KMINT\KMINT_week1\Debug\KMINT_week1.exe
       PostBuildEvent:
         copy "C:\Users\Niek Willems\Documents\GitHub\KMINT\KMINT_week1\sdl\dll\*" "C:\Users\Niek Willems\Documents\GitHub\KMINT\KMINT_week1\Debug\*"
         :VCEnd
         C:\Users\Niek Willems\Documents\GitHub\KMINT\KMINT_week1\sdl\dll\libfreetype-6.dll
         C:\Users\Niek Willems\Documents\GitHub\KMINT\KMINT_week1\sdl\dll\libjpeg-9.dll
         C:\Users\Niek Willems\Documents\GitHub\KMINT\KMINT_week1\sdl\dll\libpng16-16.dll
         C:\Users\Niek Willems\Documents\GitHub\KMINT\KMINT_week1\sdl\dll\libtiff-5.dll
         C:\Users\Niek Willems\Documents\GitHub\KMINT\KMINT_week1\sdl\dll\libwebp-4.dll
         C:\Users\Niek Willems\Documents\GitHub\KMINT\KMINT_week1\sdl\dll\SDL2.dll
         C:\Users\Niek Willems\Documents\GitHub\KMINT\KMINT_week1\sdl\dll\SDL2_image.dll
         C:\Users\Niek Willems\Documents\GitHub\KMINT\KMINT_week1\sdl\dll\SDL2_ttf.dll
         C:\Users\Niek Willems\Documents\GitHub\KMINT\KMINT_week1\sdl\dll\zlib1.dll
                 9 file(s) copied.
     1>Done Building Project "C:\Users\Niek Willems\Documents\GitHub\KMINT\KMINT_week1\KMINT_week1.vcxproj" (Build target(s)).

Build succeeded.

Time Elapsed 00:00:02.20
